[22:31:27] [ServerMain/INFO]: Environment: authHost='https://authserver.mojang.com', accountsHost='https://api.mojang.com', sessionHost='https://sessionserver.mojang.com', servicesHost='https://api.minecraftservices.com', name='PROD'
[22:31:28] [ServerMain/INFO]: Loaded 7 recipes
[22:31:28] [ServerMain/INFO]: Loaded 1179 advancements
[22:31:29] [Server thread/INFO]: Starting minecraft server version 1.19.4
[22:31:29] [Server thread/INFO]: Loading properties
[22:31:29] [Server thread/INFO]: Default game type: SURVIVAL
[22:31:29] [Server thread/INFO]: Generating keypair
[22:31:29] [Server thread/INFO]: Starting Minecraft server on *:25565
[22:31:29] [Server thread/INFO]: Using epoll channel type
[22:31:29] [Server thread/WARN]: **** SERVER IS RUNNING IN OFFLINE/INSECURE MODE!
[22:31:29] [Server thread/WARN]: The server will make no attempt to authenticate usernames. Beware.
[22:31:29] [Server thread/WARN]: While this makes the game possible to play without internet access, it also opens up the ability for hackers to connect with any username they choose.
[22:31:29] [Server thread/WARN]: To change this, set "online-mode" to "true" in the server.properties file.
[22:31:29] [Server thread/INFO]: Preparing level "world"
[22:31:32] [Server thread/INFO]: Preparing start region for dimension minecraft:overworld
[22:31:35] [Worker-Main-3/INFO]: Preparing spawn area: 0%
[22:31:35] [Worker-Main-1/INFO]: Preparing spawn area: 0%
[22:31:35] [Worker-Main-1/INFO]: Preparing spawn area: 0%
[22:31:35] [Worker-Main-3/INFO]: Preparing spawn area: 0%
[22:31:35] [Worker-Main-1/INFO]: Preparing spawn area: 0%
[22:31:35] [Worker-Main-1/INFO]: Preparing spawn area: 0%
[22:31:35] [Worker-Main-2/INFO]: Preparing spawn area: 0%
[22:31:35] [Worker-Main-3/INFO]: Preparing spawn area: 4%
[22:31:36] [Worker-Main-3/INFO]: Preparing spawn area: 64%
[22:31:36] [Server thread/INFO]: Time elapsed: 4378 ms
[22:31:36] [Server thread/INFO]: Done (6.853s)! For help, type "help"
